Arguments: 
  C:\Program Files\nodejs\node.exe C:\Users\DELL\AppData\Roaming\npm\node_modules\yarn\bin\yarn.js add prettier --dev --exact

PATH: 
  E:\WebstormProjects\react-store-admin\node_modules\.bin;C:\Program Files (x86)\Common Files\Oracle\Java\javapath;C:\Program Files\Git\cmd;C:\Program Files\JetBrains\WebStorm 2020.3.3\bin;C:\Users\DELL\.windows-build-tools\python27\;C:\Users\DELL\AppData\Local\Microsoft\WindowsApps;C:\Users\DELL\AppData\Roaming\npm;C:\Windows;C:\Windows\System32\OpenSSH\;C:\Windows\System32\Wbem;C:\Windows\System32\WindowsPowerShell\v1.0\;C:\Windows\system32;D:\Users\DELL\AppData\Local\Programs\Microsoft VS Code\bin;C:\WINDOWS\system32;C:\WINDOWS;C:\WINDOWS\System32\Wbem;C:\WINDOWS\System32\WindowsPowerShell\v1.0\;C:\WINDOWS\System32\OpenSSH\;D:\flutter\bin;C:\Users\DELL\AppData\Local\Android\Sdk\tools;C:\Users\DELL\AppData\Local\Android\Sdk\platform-tools;D:\Program Files\Java\jdk1.8.0_191\bin;D:\flutter\bin\cache\dart-sdk\bin;D:\flutter\.pub-cache\bin;C:\Program Files (x86)\WinMerge;C:\Program Files\dotnet\;C:\Users\DELL\AppData\Roaming\nvm;C:\Program Files\nodejs;C:\Users\DELL\.windows-build-tools\python27\;C:\Users\DELL\AppData\Local\Microsoft\WindowsApps;C:\Program Files\JetBrains\WebStorm 2020.3.3\bin;D:\Users\DELL\AppData\Local\Programs\Microsoft VS Code\bin;C:\Users\DELL\AppData\Roaming\npm;C:\Users\DELL\AppData\Local\Microsoft\WindowsApps;D:\flutter\bin;C:\Program Files\JetBrains\WebStorm 2021.1.3\bin;;C:\Users\DELL\AppData\Roaming\nvm;C:\Program Files\nodejs;C:\Users\DELL\AppData\Local\Programs\Fiddler

Yarn version: 
  1.22.17

Node version: 
  14.16.0

Platform: 
  win32 x64

Trace: 
  Error: ENOENT: no such file or directory, copyfile 'C:\Users\DELL\AppData\Local\Yarn\Cache\v6\npm-escape-string-regexp-4.0.0-14ba83a5d373e3d311e5afca29cf5bfad965bf34-integrity\node_modules\escape-string-regexp\index.d.ts' -> 'E:\WebstormProjects\react-store-admin\node_modules\@typescript-eslint\experimental-utils\node_modules\escape-string-regexp\index.d.ts'

npm manifest: 
  {
    "name": "react-mobile",
    "version": "0.1.0",
    "private": true,
    "scripts": {
      "start": "craco start",
      "build": "craco --max-old-space-size=4096 build",
      "test": "craco test",
      "eject": "react-scripts eject",
      "lint": "eslint --fix --ext .js,.jsx,.ts,.tsx ."
    },
    "dependencies": {
      "antd-mobile": "^5.0.0-rc.6",
      "react": "^17.0.2",
      "react-dom": "^17.0.2",
      "react-router": "^5.2.0",
      "react-router-dom": "^5.2.0",
      "react-scripts": "4.0.3"
    },
    "devDependencies": {
      "@babel/plugin-proposal-decorators": "^7.16.5",
      "@craco/craco": "^6.2.0",
      "@testing-library/jest-dom": "^5.14.1",
      "@testing-library/react": "^12.0.0",
      "@testing-library/user-event": "^13.1.9",
      "@types/jest": "^26.0.23",
      "@types/node": "^15.12.4",
      "@types/react": "^17.0.11",
      "@types/react-dom": "^17.0.8",
      "@types/react-router": "^5.1.15",
      "@types/react-router-dom": "^5.1.7",
      "autoprefixer": "^9.8.6",
      "eslint": "7.29.0",
      "node-sass": "^6.0.0",
      "postcss": "^7.0.36",
      "postcss-px-to-viewport-with-include": "^1.0.0",
      "simple-progress-webpack-plugin": "^2.0.0",
      "typescript": "4.3.4",
      "webpack-bundle-analyzer": "^4.4.2"
    },
    "eslintConfig": {
      "extends": [
        "react-app",
        "react-app/jest"
      ]
    },
    "browserslist": [
      "android >= 4.0",
      "iOS >= 10",
      "chrome >= 49"
    ]
  }

yarn manifest: 
  No manifest

Lockfile: 
  No lockfile
